<?xml version="1.0" encoding="UTF-8"?>
<!-- Generated by org.testng.reporters.JUnitReportReporter -->
<testsuite skipped="0" hostname="LIN19001909" name="com.bdd.tests.ValidatePostRequest" tests="1" failures="0" timestamp="2020-09-18T01:08:03 IST" time="6.991" errors="0">
  <testcase name="postRequestTest" time="6.991" classname="com.bdd.tests.ValidatePostRequest"/>
  <system-out/>
</testsuite> <!-- com.bdd.tests.ValidatePostRequest -->
