<?xml version="1.0" encoding="UTF-8"?>
<!-- Generated by org.testng.reporters.JUnitReportReporter -->
<testsuite skipped="0" hostname="LIN19001909" name="com.bdd.tests.ValidatePutRequest" tests="1" failures="0" timestamp="2020-09-18T14:38:30 IST" time="8.199" errors="0">
  <testcase name="putRequestTest" time="8.199" classname="com.bdd.tests.ValidatePutRequest"/>
  <system-out/>
</testsuite> <!-- com.bdd.tests.ValidatePutRequest -->
