<?xml version="1.0" encoding="UTF-8"?>
<!-- Generated by org.testng.reporters.JUnitReportReporter -->
<testsuite skipped="0" hostname="LIN19001909" name="com.bdd.tests.ValidateGetRequest" tests="1" failures="0" timestamp="2020-09-18T00:31:27 IST" time="8.207" errors="0">
  <testcase name="getRequestTest" time="8.207" classname="com.bdd.tests.ValidateGetRequest"/>
  <system-out/>
</testsuite> <!-- com.bdd.tests.ValidateGetRequest -->
